<?xml version="1.0" encoding="UTF-8"?>
<testng-results total="2" passed="2" failed="0" skipped="0">
  <reporter-output>
    <line>
      <![CDATA[Starting the test]]>
    </line>
    <line>
      <![CDATA[Test Completed]]>
    </line>
    <line>
      <![CDATA[Starting the test 2]]>
    </line>
    <line>
      <![CDATA[Test 2 Completed]]>
    </line>
  </reporter-output>
  <suite started-at="2020-10-08T10:11:17Z" name="Suite" finished-at="2020-10-08T10:11:34Z" duration-ms="17461">
    <groups>
    </groups>
    <test started-at="2020-10-08T10:11:17Z" name="Test" finished-at="2020-10-08T10:11:34Z" duration-ms="17461">
      <class name="com.learnautomation.testcases.LoginTestCRM">
        <test-method is-config="true" signature="setUpExcel()[pri:0, instance:com.learnautomation.testcases.LoginTestCRM@258e2e41]" started-at="2020-10-08T15:41:16Z" name="setUpExcel" finished-at="2020-10-08T15:41:17Z" duration-ms="531" status="PASS">
          <reporter-output>
          </reporter-output>
        </test-method> <!-- setUpExcel -->
        <test-method is-config="true" signature="setUp()[pri:0, instance:com.learnautomation.testcases.LoginTestCRM@258e2e41]" started-at="2020-10-08T15:41:17Z" name="setUp" finished-at="2020-10-08T15:41:31Z" duration-ms="14761" status="PASS">
          <reporter-output>
          </reporter-output>
        </test-method> <!-- setUp -->
        <test-method signature="launchApp()[pri:0, instance:com.learnautomation.testcases.LoginTestCRM@258e2e41]" started-at="2020-10-08T15:41:31Z" name="launchApp" finished-at="2020-10-08T15:41:32Z" duration-ms="293" status="PASS">
          <reporter-output>
            <line>
              <![CDATA[Starting the test]]>
            </line>
            <line>
              <![CDATA[Test Completed]]>
            </line>
          </reporter-output>
        </test-method> <!-- launchApp -->
        <test-method is-config="true" signature="teadDownAfterMethod(org.testng.ITestResult)[pri:0, instance:com.learnautomation.testcases.LoginTestCRM@258e2e41]" started-at="2020-10-08T15:41:32Z" name="teadDownAfterMethod" finished-at="2020-10-08T15:41:32Z" duration-ms="610" status="PASS">
          <params>
            <param index="0">
              <value>
                <![CDATA[[TestResult name=launchApp status=SUCCESS method=LoginTestCRM.launchApp()[pri:0, instance:com.learnautomation.testcases.LoginTestCRM@258e2e41] output=Starting the test]]]>
              </value>
            </param>
          </params>
          <reporter-output>
          </reporter-output>
        </test-method> <!-- teadDownAfterMethod -->
        <test-method signature="launchApp2()[pri:0, instance:com.learnautomation.testcases.LoginTestCRM@258e2e41]" started-at="2020-10-08T15:41:32Z" name="launchApp2" finished-at="2020-10-08T15:41:32Z" duration-ms="209" status="PASS">
          <reporter-output>
            <line>
              <![CDATA[Starting the test 2]]>
            </line>
            <line>
              <![CDATA[Test 2 Completed]]>
            </line>
          </reporter-output>
        </test-method> <!-- launchApp2 -->
        <test-method is-config="true" signature="teadDownAfterMethod(org.testng.ITestResult)[pri:0, instance:com.learnautomation.testcases.LoginTestCRM@258e2e41]" started-at="2020-10-08T15:41:32Z" name="teadDownAfterMethod" finished-at="2020-10-08T15:41:33Z" duration-ms="442" status="PASS">
          <params>
            <param index="0">
              <value>
                <![CDATA[[TestResult name=launchApp2 status=SUCCESS method=LoginTestCRM.launchApp2()[pri:0, instance:com.learnautomation.testcases.LoginTestCRM@258e2e41] output=Starting the test 2]]]>
              </value>
            </param>
          </params>
          <reporter-output>
          </reporter-output>
        </test-method> <!-- teadDownAfterMethod -->
        <test-method is-config="true" signature="tearDown()[pri:0, instance:com.learnautomation.testcases.LoginTestCRM@258e2e41]" started-at="2020-10-08T15:41:33Z" name="tearDown" finished-at="2020-10-08T15:41:34Z" duration-ms="1130" status="PASS">
          <reporter-output>
          </reporter-output>
        </test-method> <!-- tearDown -->
      </class> <!-- com.learnautomation.testcases.LoginTestCRM -->
    </test> <!-- Test -->
  </suite> <!-- Suite -->
</testng-results>
